{"logTime": "0630/132614", "correlationVector":"spUdteKUz+C4zFC2PkaTfQ.1","action":"SyncServerConnectionManagerRequest", "result":"SYNC_SERVER_OK", "context":{"environment":"Prod_japaneast_prod-s01-061-apac-japaneast", "migrationStage":"NotStarted", "server":"akswtt115000000"}}
{"logTime": "0630/132614", "correlationVector":"spUdteKUz+C4zFC2PkaTfQ.2","action":"ProcessGetUpdates", "result":"Done", "context":{"dataType":"Encryption Keys", "deleted":"0", "process_failed_to_decrypt":"0", "process_pending_decryption":"0", "process_success":"1", "total":"1"}}
{"logTime": "0630/132615", "correlationVector":"wPzUATkX8hv/yxdbsL8Fz2","action":"SyncServerConnectionManagerRequest", "result":"SYNC_SERVER_OK", "context":{"environment":"", "migrationStage":"", "server":""}}
{"logTime": "0630/132615", "correlationVector":"wPzUATkX8hv/yxdbsL8Fz2.0","action":"EncryptionKeysFetcher.DownloadKeys:", "result":"Success", "context":Key count: 3, Last key timestamp: 2026-04-23T13:58:41Z}
{"logTime": "0630/132615", "correlationVector":"wPzUATkX8hv/yxdbsL8Fz2.1","action":"EncryptionKeysManager::SetEncryptionKeys:", "result":"Success", "context":Key names[3]:[gUkiXR7oQ1JkBBHyrYQ4mxA68NQXybi+1E30Z86WpdEjFk5SdquEw4GaFNdOddixUQc6U2d5sDENFET2aMT4Xw==][7oR3JXr6qMclO8cAVeoJTe+Wn4Nic6gqAFi8XqB46TA0fho4xb463A1+4zB2lJzmfopQYO9ZBn92ExR0j6ek8g==][wLosjTafdMsqfstR/HyV2oBKAw05QrVnj75GOvFWU0E9JTqSLJYwlNzJqcyA542tHRvmAAuuAl0dETKECdVjvQ==]}
{"logTime": "0630/132615", "correlationVector":"wPzUATkX8hv/yxdbsL8Fz2.2","action":"EncryptionKeysManager::SetEncryptionKeysWithTimestamps:", "result":"Success", "context":Key timestamps[3]:[2021-09-04T14:01:33Z][2025-10-07T12:11:24Z][2026-04-23T13:58:41Z]}
{"logTime": "0630/132615", "correlationVector":"spUdteKUz+C4zFC2PkaTfQ","action":"Initial GetUpdates", "result":"", "context":Reason: NEW_CLIENT. cV=spUdteKUz+C4zFC2PkaTfQ}
{"logTime": "0630/132615", "correlationVector":"spUdteKUz+C4zFC2PkaTfQ.3","action":"GetUpdates Response", "result":"Success", "context":Received 1 update(s). cV=spUdteKUz+C4zFC2PkaTfQ.0;server=akswtt115000000;cloudType=Consumer;environment=Prod_japaneast_prod-s01-061-apac-japaneast;migrationStage=NotStarted}
{"logTime": "0630/132615", "correlationVector":"0iEFoDWZN3s0oQqGZj/zO/","action":"Initial GetUpdates", "result":"", "context":Reason: NEWLY_SUPPORTED_DATATYPE. cV=0iEFoDWZN3s0oQqGZj/zO/}
{"logTime": "0630/132615", "correlationVector":"0iEFoDWZN3s0oQqGZj/zO/.1","action":"SyncServerConnectionManagerRequest", "result":"SYNC_SERVER_OK", "context":{"environment":"Prod_japaneast_prod-s01-061-apac-japaneast", "migrationStage":"NotStarted", "server":"akswtt11500000c"}}
{"logTime": "0630/132615", "correlationVector":"0iEFoDWZN3s0oQqGZj/zO/.2","action":"ProcessGetUpdates", "result":"Done", "context":{"dataType":"Preferences", "deleted":"0", "process_failed_to_decrypt":"0", "process_pending_decryption":"0", "process_success":"61", "total":"61"}}
{"logTime": "0630/132615", "correlationVector":"0iEFoDWZN3s0oQqGZj/zO/.3","action":"ProcessGetUpdates", "result":"Done", "context":{"dataType":"Device Info", "deleted":"0", "process_failed_to_decrypt":"0", "process_pending_decryption":"0", "process_success":"5", "total":"5"}}
{"logTime": "0630/132615", "correlationVector":"0iEFoDWZN3s0oQqGZj/zO/.4","action":"GetUpdates Response", "result":"Success", "context":Received 66 update(s). cV=0iEFoDWZN3s0oQqGZj/zO/.0;server=akswtt11500000c;cloudType=Consumer;environment=Prod_japaneast_prod-s01-061-apac-japaneast;migrationStage=NotStarted}
{"logTime": "0630/132615", "correlationVector":"QcF4+s/cp5nLt+tby52Rmi","action":"Initial GetUpdates", "result":"", "context":Reason: NEWLY_SUPPORTED_DATATYPE. cV=QcF4+s/cp5nLt+tby52Rmi}
{"logTime": "0630/132615", "correlationVector":"QcF4+s/cp5nLt+tby52Rmi.1","action":"SyncServerConnectionManagerRequest", "result":"SYNC_SERVER_OK", "context":{"environment":"Prod_japaneast_prod-s01-061-apac-japaneast", "migrationStage":"NotStarted", "server":"akswtt11500000e"}}
{"logTime": "0630/132615", "correlationVector":"QcF4+s/cp5nLt+tby52Rmi.2","action":"ProcessGetUpdates", "result":"Done", "context":{"dataType":"Bookmarks", "deleted":"0", "process_failed_to_decrypt":"0", "process_pending_decryption":"0", "process_success":"14", "total":"14"}}
{"logTime": "0630/132615", "correlationVector":"QcF4+s/cp5nLt+tby52Rmi.3","action":"GetUpdates Response", "result":"Success", "context":Received 14 update(s). cV=QcF4+s/cp5nLt+tby52Rmi.0;server=akswtt11500000e;cloudType=Consumer;environment=Prod_japaneast_prod-s01-061-apac-japaneast;migrationStage=NotStarted}
{"logTime": "0630/132615", "correlationVector":"p6BLUXTnfq2MjPV/kmWiRj","action":"Initial GetUpdates", "result":"", "context":Reason: NEWLY_SUPPORTED_DATATYPE. cV=p6BLUXTnfq2MjPV/kmWiRj}
{"logTime": "0630/132616", "correlationVector":"p6BLUXTnfq2MjPV/kmWiRj.1","action":"SyncServerConnectionManagerRequest", "result":"SYNC_SERVER_OK", "context":{"environment":"Prod_japaneast_prod-s01-061-apac-japaneast", "migrationStage":"NotStarted", "server":"akswtt11500000s"}}
{"logTime": "0630/132616", "correlationVector":"p6BLUXTnfq2MjPV/kmWiRj.2","action":"ProcessGetUpdates", "result":"Done", "context":{"dataType":"Autofill", "deleted":"0", "process_failed_to_decrypt":"0", "process_pending_decryption":"0", "process_success":"54", "total":"54"}}
{"logTime": "0630/132616", "correlationVector":"p6BLUXTnfq2MjPV/kmWiRj.3","action":"ProcessGetUpdates", "result":"Done", "context":{"dataType":"Extensions", "deleted":"1", "process_failed_to_decrypt":"0", "process_pending_decryption":"0", "process_success":"1", "total":"1"}}
{"logTime": "0630/132616", "correlationVector":"p6BLUXTnfq2MjPV/kmWiRj.4","action":"ProcessGetUpdates", "result":"Done", "context":{"dataType":"Sessions", "deleted":"176", "process_failed_to_decrypt":"0", "process_pending_decryption":"0", "process_success":"176", "total":"176"}}
{"logTime": "0630/132616", "correlationVector":"p6BLUXTnfq2MjPV/kmWiRj.5","action":"ProcessGetUpdates", "result":"Done", "context":{"dataType":"History Delete Directives", "deleted":"0", "process_failed_to_decrypt":"0", "process_pending_decryption":"0", "process_success":"6", "total":"6"}}
{"logTime": "0630/132616", "correlationVector":"p6BLUXTnfq2MjPV/kmWiRj.6","action":"ProcessGetUpdates", "result":"Done", "context":{"dataType":"Saved Tab Group", "deleted":"1", "process_failed_to_decrypt":"0", "process_pending_decryption":"0", "process_success":"6", "total":"6"}}
{"logTime": "0630/132616", "correlationVector":"p6BLUXTnfq2MjPV/kmWiRj.7","action":"ProcessGetUpdates", "result":"Done", "context":{"dataType":"Edge Hub App Usage", "deleted":"5", "process_failed_to_decrypt":"0", "process_pending_decryption":"0", "process_success":"7", "total":"7"}}
{"logTime": "0630/132616", "correlationVector":"p6BLUXTnfq2MjPV/kmWiRj.8","action":"GetUpdates Response", "result":"Success", "context":Received 250 update(s). cV=p6BLUXTnfq2MjPV/kmWiRj.0;server=akswtt11500000s;cloudType=Consumer;environment=Prod_japaneast_prod-s01-061-apac-japaneast;migrationStage=NotStarted Some updates remain.}
{"logTime": "0630/132616", "correlationVector":"NpBlhK9eqPsHvQWEMUnNmz","action":"Initial GetUpdates", "result":"", "context":Reason: NEWLY_SUPPORTED_DATATYPE. cV=NpBlhK9eqPsHvQWEMUnNmz}
{"logTime": "0630/132616", "correlationVector":"NpBlhK9eqPsHvQWEMUnNmz.1","action":"SyncServerConnectionManagerRequest", "result":"SYNC_SERVER_OK", "context":{"environment":"Prod_japaneast_prod-s01-061-apac-japaneast", "migrationStage":"NotStarted", "server":"akswtt11500000l"}}
{"logTime": "0630/132616", "correlationVector":"NpBlhK9eqPsHvQWEMUnNmz.2","action":"ProcessGetUpdates", "result":"Done", "context":{"dataType":"Sessions", "deleted":"7", "process_failed_to_decrypt":"0", "process_pending_decryption":"0", "process_success":"12", "total":"12"}}
{"logTime": "0630/132616", "correlationVector":"NpBlhK9eqPsHvQWEMUnNmz.3","action":"ProcessGetUpdates", "result":"Done", "context":{"dataType":"History Delete Directives", "deleted":"0", "process_failed_to_decrypt":"0", "process_pending_decryption":"0", "process_success":"10", "total":"10"}}
{"logTime": "0630/132616", "correlationVector":"NpBlhK9eqPsHvQWEMUnNmz.4","action":"ProcessGetUpdates", "result":"Done", "context":{"dataType":"Edge Hub App Usage", "deleted":"0", "process_failed_to_decrypt":"0", "process_pending_decryption":"0", "process_success":"2", "total":"2"}}
{"logTime": "0630/132616", "correlationVector":"NpBlhK9eqPsHvQWEMUnNmz.5","action":"GetUpdates Response", "result":"Success", "context":Received 24 update(s). cV=NpBlhK9eqPsHvQWEMUnNmz.0;server=akswtt11500000l;cloudType=Consumer;environment=Prod_japaneast_prod-s01-061-apac-japaneast;migrationStage=NotStarted}
{"logTime": "0630/132616", "correlationVector":"cqhn4JXpGWgnIFSJUesZzI","action":"Initial GetUpdates", "result":"", "context":Reason: NEWLY_SUPPORTED_DATATYPE. cV=cqhn4JXpGWgnIFSJUesZzI}
{"logTime": "0630/132617", "correlationVector":"cqhn4JXpGWgnIFSJUesZzI.1","action":"SyncServerConnectionManagerRequest", "result":"SYNC_SERVER_OK", "context":{"environment":"Prod_japaneast_prod-s01-061-apac-japaneast", "migrationStage":"NotStarted", "server":"akswtt11500000u"}}
{"logTime": "0630/132617", "correlationVector":"cqhn4JXpGWgnIFSJUesZzI.2","action":"ProcessGetUpdates", "result":"Done", "context":{"dataType":"History", "deleted":"250", "process_failed_to_decrypt":"0", "process_pending_decryption":"0", "process_success":"250", "total":"250"}}
{"logTime": "0630/132617", "correlationVector":"cqhn4JXpGWgnIFSJUesZzI.3","action":"GetUpdates Response", "result":"Success", "context":Received 250 update(s). cV=cqhn4JXpGWgnIFSJUesZzI.0;server=akswtt11500000u;cloudType=Consumer;environment=Prod_japaneast_prod-s01-061-apac-japaneast;migrationStage=NotStarted Some updates remain.}
{"logTime": "0630/132617", "correlationVector":"r2mDX3bnWS4YydRA25YM0o","action":"Initial GetUpdates", "result":"", "context":Reason: NEWLY_SUPPORTED_DATATYPE. cV=r2mDX3bnWS4YydRA25YM0o}
{"logTime": "0630/132618", "correlationVector":"r2mDX3bnWS4YydRA25YM0o","action":"SyncServerConnectionManagerRequest", "result":"CONNECTION_UNAVAILABLE", "context":{"error_type":"net_error_code", "error_value":"-3"}}
