{"logTime": "0630/132614", "correlationVector":"ITonqmOQwnRmbLX1c86egE.1","action":"SyncServerConnectionManagerRequest", "result":"SYNC_SERVER_OK", "context":{"environment":"Prod_japaneast_prod-s01-061-apac-japaneast", "migrationStage":"NotStarted", "server":"akswtt11500000g"}}
{"logTime": "0630/132614", "correlationVector":"ITonqmOQwnRmbLX1c86egE.2","action":"ProcessGetUpdates", "result":"Done", "context":{"dataType":"Encryption Keys", "deleted":"0", "process_failed_to_decrypt":"0", "process_pending_decryption":"0", "process_success":"1", "total":"1"}}
{"logTime": "0630/132615", "correlationVector":"FQBKiyubEo9LDnOFmkquJ+","action":"SyncServerConnectionManagerRequest", "result":"SYNC_SERVER_OK", "context":{"environment":"", "migrationStage":"", "server":""}}
{"logTime": "0630/132615", "correlationVector":"FQBKiyubEo9LDnOFmkquJ+.0","action":"EncryptionKeysFetcher.DownloadKeys:", "result":"Success", "context":Key count: 3, Last key timestamp: 2026-04-23T13:58:41Z}
{"logTime": "0630/132615", "correlationVector":"FQBKiyubEo9LDnOFmkquJ+.1","action":"EncryptionKeysManager::SetEncryptionKeys:", "result":"Success", "context":Key names[3]:[gUkiXR7oQ1JkBBHyrYQ4mxA68NQXybi+1E30Z86WpdEjFk5SdquEw4GaFNdOddixUQc6U2d5sDENFET2aMT4Xw==][7oR3JXr6qMclO8cAVeoJTe+Wn4Nic6gqAFi8XqB46TA0fho4xb463A1+4zB2lJzmfopQYO9ZBn92ExR0j6ek8g==][wLosjTafdMsqfstR/HyV2oBKAw05QrVnj75GOvFWU0E9JTqSLJYwlNzJqcyA542tHRvmAAuuAl0dETKECdVjvQ==]}
{"logTime": "0630/132615", "correlationVector":"FQBKiyubEo9LDnOFmkquJ+.2","action":"EncryptionKeysManager::SetEncryptionKeysWithTimestamps:", "result":"Success", "context":Key timestamps[3]:[2021-09-04T14:01:33Z][2025-10-07T12:11:24Z][2026-04-23T13:58:41Z]}
{"logTime": "0630/132615", "correlationVector":"ITonqmOQwnRmbLX1c86egE","action":"Initial GetUpdates", "result":"", "context":Reason: NEW_CLIENT. cV=ITonqmOQwnRmbLX1c86egE}
{"logTime": "0630/132615", "correlationVector":"ITonqmOQwnRmbLX1c86egE.3","action":"GetUpdates Response", "result":"Success", "context":Received 1 update(s). cV=ITonqmOQwnRmbLX1c86egE.0;server=akswtt11500000g;cloudType=Consumer;environment=Prod_japaneast_prod-s01-061-apac-japaneast;migrationStage=NotStarted}
{"logTime": "0630/132615", "correlationVector":"IzjToFnFuQE0JwK73Amzr0","action":"Initial GetUpdates", "result":"", "context":Reason: NEWLY_SUPPORTED_DATATYPE. cV=IzjToFnFuQE0JwK73Amzr0}
{"logTime": "0630/132615", "correlationVector":"IzjToFnFuQE0JwK73Amzr0.1","action":"SyncServerConnectionManagerRequest", "result":"SYNC_SERVER_OK", "context":{"environment":"Prod_japaneast_prod-s01-061-apac-japaneast", "migrationStage":"NotStarted", "server":"akswtt115000019"}}
{"logTime": "0630/132615", "correlationVector":"IzjToFnFuQE0JwK73Amzr0.2","action":"ProcessGetUpdates", "result":"Done", "context":{"dataType":"Preferences", "deleted":"0", "process_failed_to_decrypt":"0", "process_pending_decryption":"0", "process_success":"61", "total":"61"}}
{"logTime": "0630/132615", "correlationVector":"IzjToFnFuQE0JwK73Amzr0.3","action":"ProcessGetUpdates", "result":"Done", "context":{"dataType":"Device Info", "deleted":"0", "process_failed_to_decrypt":"0", "process_pending_decryption":"0", "process_success":"5", "total":"5"}}
{"logTime": "0630/132615", "correlationVector":"IzjToFnFuQE0JwK73Amzr0.4","action":"GetUpdates Response", "result":"Success", "context":Received 66 update(s). cV=IzjToFnFuQE0JwK73Amzr0.0;server=akswtt115000019;cloudType=Consumer;environment=Prod_japaneast_prod-s01-061-apac-japaneast;migrationStage=NotStarted}
{"logTime": "0630/132615", "correlationVector":"+RcdA+IcklwuJUqd+v3/vo","action":"Initial GetUpdates", "result":"", "context":Reason: NEWLY_SUPPORTED_DATATYPE. cV=+RcdA+IcklwuJUqd+v3/vo}
{"logTime": "0630/132615", "correlationVector":"+RcdA+IcklwuJUqd+v3/vo.1","action":"SyncServerConnectionManagerRequest", "result":"SYNC_SERVER_OK", "context":{"environment":"Prod_japaneast_prod-s01-061-apac-japaneast", "migrationStage":"NotStarted", "server":"akswtt11500000f"}}
{"logTime": "0630/132615", "correlationVector":"+RcdA+IcklwuJUqd+v3/vo.2","action":"ProcessGetUpdates", "result":"Done", "context":{"dataType":"Bookmarks", "deleted":"0", "process_failed_to_decrypt":"0", "process_pending_decryption":"0", "process_success":"14", "total":"14"}}
{"logTime": "0630/132615", "correlationVector":"+RcdA+IcklwuJUqd+v3/vo.3","action":"GetUpdates Response", "result":"Success", "context":Received 14 update(s). cV=+RcdA+IcklwuJUqd+v3/vo.0;server=akswtt11500000f;cloudType=Consumer;environment=Prod_japaneast_prod-s01-061-apac-japaneast;migrationStage=NotStarted}
{"logTime": "0630/132615", "correlationVector":"jmH1kklB//fjfORRPeaziL","action":"Initial GetUpdates", "result":"", "context":Reason: NEWLY_SUPPORTED_DATATYPE. cV=jmH1kklB//fjfORRPeaziL}
{"logTime": "0630/132616", "correlationVector":"jmH1kklB//fjfORRPeaziL.1","action":"SyncServerConnectionManagerRequest", "result":"SYNC_SERVER_OK", "context":{"environment":"Prod_japaneast_prod-s01-061-apac-japaneast", "migrationStage":"NotStarted", "server":"akswtt115000011"}}
{"logTime": "0630/132616", "correlationVector":"jmH1kklB//fjfORRPeaziL.2","action":"ProcessGetUpdates", "result":"Done", "context":{"dataType":"Autofill", "deleted":"0", "process_failed_to_decrypt":"0", "process_pending_decryption":"0", "process_success":"54", "total":"54"}}
{"logTime": "0630/132616", "correlationVector":"jmH1kklB//fjfORRPeaziL.3","action":"ProcessGetUpdates", "result":"Done", "context":{"dataType":"Extensions", "deleted":"1", "process_failed_to_decrypt":"0", "process_pending_decryption":"0", "process_success":"1", "total":"1"}}
{"logTime": "0630/132616", "correlationVector":"jmH1kklB//fjfORRPeaziL.4","action":"ProcessGetUpdates", "result":"Done", "context":{"dataType":"Sessions", "deleted":"176", "process_failed_to_decrypt":"0", "process_pending_decryption":"0", "process_success":"176", "total":"176"}}
{"logTime": "0630/132616", "correlationVector":"jmH1kklB//fjfORRPeaziL.5","action":"ProcessGetUpdates", "result":"Done", "context":{"dataType":"History Delete Directives", "deleted":"0", "process_failed_to_decrypt":"0", "process_pending_decryption":"0", "process_success":"6", "total":"6"}}
{"logTime": "0630/132616", "correlationVector":"jmH1kklB//fjfORRPeaziL.6","action":"ProcessGetUpdates", "result":"Done", "context":{"dataType":"Saved Tab Group", "deleted":"1", "process_failed_to_decrypt":"0", "process_pending_decryption":"0", "process_success":"6", "total":"6"}}
{"logTime": "0630/132616", "correlationVector":"jmH1kklB//fjfORRPeaziL.7","action":"ProcessGetUpdates", "result":"Done", "context":{"dataType":"Edge Hub App Usage", "deleted":"5", "process_failed_to_decrypt":"0", "process_pending_decryption":"0", "process_success":"7", "total":"7"}}
{"logTime": "0630/132616", "correlationVector":"jmH1kklB//fjfORRPeaziL.8","action":"GetUpdates Response", "result":"Success", "context":Received 250 update(s). cV=jmH1kklB//fjfORRPeaziL.0;server=akswtt115000011;cloudType=Consumer;environment=Prod_japaneast_prod-s01-061-apac-japaneast;migrationStage=NotStarted Some updates remain.}
{"logTime": "0630/132616", "correlationVector":"0wEo5ya59HC0/5mGR6iQ7t","action":"Initial GetUpdates", "result":"", "context":Reason: NEWLY_SUPPORTED_DATATYPE. cV=0wEo5ya59HC0/5mGR6iQ7t}
{"logTime": "0630/132616", "correlationVector":"0wEo5ya59HC0/5mGR6iQ7t.1","action":"SyncServerConnectionManagerRequest", "result":"SYNC_SERVER_OK", "context":{"environment":"Prod_japaneast_prod-s01-061-apac-japaneast", "migrationStage":"NotStarted", "server":"akswtt115000011"}}
{"logTime": "0630/132616", "correlationVector":"0wEo5ya59HC0/5mGR6iQ7t.2","action":"ProcessGetUpdates", "result":"Done", "context":{"dataType":"Sessions", "deleted":"7", "process_failed_to_decrypt":"0", "process_pending_decryption":"0", "process_success":"12", "total":"12"}}
{"logTime": "0630/132616", "correlationVector":"0wEo5ya59HC0/5mGR6iQ7t.3","action":"ProcessGetUpdates", "result":"Done", "context":{"dataType":"History Delete Directives", "deleted":"0", "process_failed_to_decrypt":"0", "process_pending_decryption":"0", "process_success":"10", "total":"10"}}
{"logTime": "0630/132616", "correlationVector":"0wEo5ya59HC0/5mGR6iQ7t.4","action":"ProcessGetUpdates", "result":"Done", "context":{"dataType":"Edge Hub App Usage", "deleted":"0", "process_failed_to_decrypt":"0", "process_pending_decryption":"0", "process_success":"2", "total":"2"}}
{"logTime": "0630/132616", "correlationVector":"0wEo5ya59HC0/5mGR6iQ7t.5","action":"GetUpdates Response", "result":"Success", "context":Received 24 update(s). cV=0wEo5ya59HC0/5mGR6iQ7t.0;server=akswtt115000011;cloudType=Consumer;environment=Prod_japaneast_prod-s01-061-apac-japaneast;migrationStage=NotStarted}
{"logTime": "0630/132616", "correlationVector":"5g2daHldb1iBRUGr3ckKO+","action":"Initial GetUpdates", "result":"", "context":Reason: NEWLY_SUPPORTED_DATATYPE. cV=5g2daHldb1iBRUGr3ckKO+}
{"logTime": "0630/132617", "correlationVector":"5g2daHldb1iBRUGr3ckKO+.1","action":"SyncServerConnectionManagerRequest", "result":"SYNC_SERVER_OK", "context":{"environment":"Prod_japaneast_prod-s01-061-apac-japaneast", "migrationStage":"NotStarted", "server":"akswtt11500000f"}}
{"logTime": "0630/132617", "correlationVector":"5g2daHldb1iBRUGr3ckKO+.2","action":"ProcessGetUpdates", "result":"Done", "context":{"dataType":"History", "deleted":"250", "process_failed_to_decrypt":"0", "process_pending_decryption":"0", "process_success":"250", "total":"250"}}
{"logTime": "0630/132617", "correlationVector":"5g2daHldb1iBRUGr3ckKO+.3","action":"GetUpdates Response", "result":"Success", "context":Received 250 update(s). cV=5g2daHldb1iBRUGr3ckKO+.0;server=akswtt11500000f;cloudType=Consumer;environment=Prod_japaneast_prod-s01-061-apac-japaneast;migrationStage=NotStarted Some updates remain.}
{"logTime": "0630/132617", "correlationVector":"2i32+DEi6kXgWP5e80Wjww","action":"Initial GetUpdates", "result":"", "context":Reason: NEWLY_SUPPORTED_DATATYPE. cV=2i32+DEi6kXgWP5e80Wjww}
{"logTime": "0630/132618", "correlationVector":"2i32+DEi6kXgWP5e80Wjww","action":"SyncServerConnectionManagerRequest", "result":"CONNECTION_UNAVAILABLE", "context":{"error_type":"net_error_code", "error_value":"-3"}}
